  Proyecto.cpp
C:\Users\divad\OneDrive\Documentos\GitHub\315264520_Proyecto_Gpo08\ProyectoFinal\ProyectoFinal\modelAnim.h(104,44): warning C4244: '=': conversión de 'double' a 'float'; posible pérdida de datos
C:\Users\divad\OneDrive\Documentos\GitHub\315264520_Proyecto_Gpo08\ProyectoFinal\ProyectoFinal\modelAnim.h(519,24): warning C4244: 'inicializando': conversión de 'double' a 'float'; posible pérdida de datos
C:\Users\divad\OneDrive\Documentos\GitHub\315264520_Proyecto_Gpo08\ProyectoFinal\ProyectoFinal\Proyecto.cpp(182,22): warning C4305: 'inicializando': truncamiento de 'double' a 'float'
C:\Users\divad\OneDrive\Documentos\GitHub\315264520_Proyecto_Gpo08\ProyectoFinal\ProyectoFinal\Proyecto.cpp(183,22): warning C4305: 'inicializando': truncamiento de 'double' a 'float'
C:\Users\divad\OneDrive\Documentos\GitHub\315264520_Proyecto_Gpo08\ProyectoFinal\ProyectoFinal\Proyecto.cpp(460,24): warning C4244: 'inicializando': conversión de 'double' a 'GLfloat'; posible pérdida de datos
C:\Users\divad\OneDrive\Documentos\GitHub\315264520_Proyecto_Gpo08\ProyectoFinal\ProyectoFinal\Proyecto.cpp(900,20): warning C4305: '+=': truncamiento de 'double' a 'float'
C:\Users\divad\OneDrive\Documentos\GitHub\315264520_Proyecto_Gpo08\ProyectoFinal\ProyectoFinal\Proyecto.cpp(909,20): warning C4305: '-=': truncamiento de 'double' a 'float'
C:\Users\divad\OneDrive\Documentos\GitHub\315264520_Proyecto_Gpo08\ProyectoFinal\ProyectoFinal\Proyecto.cpp(920,23): warning C4305: '+=': truncamiento de 'double' a 'float'
C:\Users\divad\OneDrive\Documentos\GitHub\315264520_Proyecto_Gpo08\ProyectoFinal\ProyectoFinal\Proyecto.cpp(930,23): warning C4305: '-=': truncamiento de 'double' a 'float'
C:\Users\divad\OneDrive\Documentos\GitHub\315264520_Proyecto_Gpo08\ProyectoFinal\ProyectoFinal\Proyecto.cpp(941,19): warning C4305: '+=': truncamiento de 'double' a 'float'
C:\Users\divad\OneDrive\Documentos\GitHub\315264520_Proyecto_Gpo08\ProyectoFinal\ProyectoFinal\Proyecto.cpp(950,19): warning C4305: '-=': truncamiento de 'double' a 'float'
C:\Users\divad\OneDrive\Documentos\GitHub\315264520_Proyecto_Gpo08\ProyectoFinal\ProyectoFinal\Proyecto.cpp(963,13): warning C4244: 'inicializando': conversión de 'double' a 'float'; posible pérdida de datos
C:\Users\divad\OneDrive\Documentos\GitHub\315264520_Proyecto_Gpo08\ProyectoFinal\ProyectoFinal\Proyecto.cpp(964,18): warning C4244: '=': conversión de 'double' a 'float'; posible pérdida de datos
C:\Users\divad\OneDrive\Documentos\GitHub\315264520_Proyecto_Gpo08\ProyectoFinal\ProyectoFinal\Proyecto.cpp(965,18): warning C4244: '=': conversión de 'double' a 'float'; posible pérdida de datos
C:\Users\divad\OneDrive\Documentos\GitHub\315264520_Proyecto_Gpo08\ProyectoFinal\ProyectoFinal\Proyecto.cpp(974,19): warning C4305: '+=': truncamiento de 'double' a 'float'
C:\Users\divad\OneDrive\Documentos\GitHub\315264520_Proyecto_Gpo08\ProyectoFinal\ProyectoFinal\Proyecto.cpp(984,20): warning C4305: '-=': truncamiento de 'double' a 'float'
C:\Users\divad\OneDrive\Documentos\GitHub\315264520_Proyecto_Gpo08\ProyectoFinal\ProyectoFinal\Proyecto.cpp(995,17): warning C4305: '+=': truncamiento de 'double' a 'float'
C:\Users\divad\OneDrive\Documentos\GitHub\315264520_Proyecto_Gpo08\ProyectoFinal\ProyectoFinal\Proyecto.cpp(1005,18): warning C4305: '-=': truncamiento de 'double' a 'float'
C:\Users\divad\OneDrive\Documentos\GitHub\315264520_Proyecto_Gpo08\ProyectoFinal\ProyectoFinal\Proyecto.cpp(1016,20): warning C4305: '+=': truncamiento de 'double' a 'float'
C:\Users\divad\OneDrive\Documentos\GitHub\315264520_Proyecto_Gpo08\ProyectoFinal\ProyectoFinal\Proyecto.cpp(1026,21): warning C4305: '-=': truncamiento de 'double' a 'float'
C:\Users\divad\OneDrive\Documentos\GitHub\315264520_Proyecto_Gpo08\ProyectoFinal\ProyectoFinal\Proyecto.cpp(1072,18): warning C4305: '+=': truncamiento de 'double' a 'float'
C:\Users\divad\OneDrive\Documentos\GitHub\315264520_Proyecto_Gpo08\ProyectoFinal\ProyectoFinal\Proyecto.cpp(1073,18): warning C4305: '+=': truncamiento de 'double' a 'float'
C:\Users\divad\OneDrive\Documentos\GitHub\315264520_Proyecto_Gpo08\ProyectoFinal\ProyectoFinal\Proyecto.cpp(1076,18): warning C4305: '-=': truncamiento de 'double' a 'float'
C:\Users\divad\OneDrive\Documentos\GitHub\315264520_Proyecto_Gpo08\ProyectoFinal\ProyectoFinal\Proyecto.cpp(1086,19): warning C4305: '+=': truncamiento de 'double' a 'float'
C:\Users\divad\OneDrive\Documentos\GitHub\315264520_Proyecto_Gpo08\ProyectoFinal\ProyectoFinal\Proyecto.cpp(1098,23): warning C4305: '+=': truncamiento de 'double' a 'float'
C:\Users\divad\OneDrive\Documentos\GitHub\315264520_Proyecto_Gpo08\ProyectoFinal\ProyectoFinal\Proyecto.cpp(1099,23): warning C4305: '-=': truncamiento de 'double' a 'float'
C:\Users\divad\OneDrive\Documentos\GitHub\315264520_Proyecto_Gpo08\ProyectoFinal\ProyectoFinal\Proyecto.cpp(1108,23): warning C4305: '-=': truncamiento de 'double' a 'float'
C:\Users\divad\OneDrive\Documentos\GitHub\315264520_Proyecto_Gpo08\ProyectoFinal\ProyectoFinal\Proyecto.cpp(1109,23): warning C4305: '+=': truncamiento de 'double' a 'float'
C:\Users\divad\OneDrive\Documentos\GitHub\315264520_Proyecto_Gpo08\ProyectoFinal\ProyectoFinal\Proyecto.cpp(1127,18): warning C4305: '+=': truncamiento de 'double' a 'float'
C:\Users\divad\OneDrive\Documentos\GitHub\315264520_Proyecto_Gpo08\ProyectoFinal\ProyectoFinal\Proyecto.cpp(1128,21): warning C4305: '-=': truncamiento de 'double' a 'float'
C:\Users\divad\OneDrive\Documentos\GitHub\315264520_Proyecto_Gpo08\ProyectoFinal\ProyectoFinal\Proyecto.cpp(1136,18): warning C4305: '-=': truncamiento de 'double' a 'float'
C:\Users\divad\OneDrive\Documentos\GitHub\315264520_Proyecto_Gpo08\ProyectoFinal\ProyectoFinal\Proyecto.cpp(1137,21): warning C4305: '+=': truncamiento de 'double' a 'float'
C:\Users\divad\OneDrive\Documentos\GitHub\315264520_Proyecto_Gpo08\ProyectoFinal\ProyectoFinal\Proyecto.cpp(1146,20): warning C4305: '-=': truncamiento de 'double' a 'float'
C:\Users\divad\OneDrive\Documentos\GitHub\315264520_Proyecto_Gpo08\ProyectoFinal\ProyectoFinal\Proyecto.cpp(1147,19): warning C4305: '-=': truncamiento de 'double' a 'float'
C:\Users\divad\OneDrive\Documentos\GitHub\315264520_Proyecto_Gpo08\ProyectoFinal\ProyectoFinal\Proyecto.cpp(1159,22): warning C4244: '=': conversión de 'double' a 'float'; posible pérdida de datos
C:\Users\divad\OneDrive\Documentos\GitHub\315264520_Proyecto_Gpo08\ProyectoFinal\ProyectoFinal\Proyecto.cpp(1160,22): warning C4244: '=': conversión de 'double' a 'float'; posible pérdida de datos
C:\Users\divad\OneDrive\Documentos\GitHub\315264520_Proyecto_Gpo08\ProyectoFinal\ProyectoFinal\Proyecto.cpp(1175,18): warning C4305: '+=': truncamiento de 'double' a 'float'
C:\Users\divad\OneDrive\Documentos\GitHub\315264520_Proyecto_Gpo08\ProyectoFinal\ProyectoFinal\Proyecto.cpp(1176,25): warning C4305: '+=': truncamiento de 'double' a 'float'
C:\Users\divad\OneDrive\Documentos\GitHub\315264520_Proyecto_Gpo08\ProyectoFinal\ProyectoFinal\Proyecto.cpp(1177,25): warning C4305: '+=': truncamiento de 'double' a 'float'
C:\Users\divad\OneDrive\Documentos\GitHub\315264520_Proyecto_Gpo08\ProyectoFinal\ProyectoFinal\Proyecto.cpp(1186,22): warning C4244: '=': conversión de 'double' a 'float'; posible pérdida de datos
C:\Users\divad\OneDrive\Documentos\GitHub\315264520_Proyecto_Gpo08\ProyectoFinal\ProyectoFinal\Proyecto.cpp(1187,22): warning C4244: '=': conversión de 'double' a 'float'; posible pérdida de datos
C:\Users\divad\OneDrive\Documentos\GitHub\315264520_Proyecto_Gpo08\ProyectoFinal\ProyectoFinal\Proyecto.cpp(1192,21): warning C4305: '+=': truncamiento de 'double' a 'float'
C:\Users\divad\OneDrive\Documentos\GitHub\315264520_Proyecto_Gpo08\ProyectoFinal\ProyectoFinal\Proyecto.cpp(1193,24): warning C4305: '-=': truncamiento de 'double' a 'float'
C:\Users\divad\OneDrive\Documentos\GitHub\315264520_Proyecto_Gpo08\ProyectoFinal\ProyectoFinal\Proyecto.cpp(1201,21): warning C4305: '-=': truncamiento de 'double' a 'float'
C:\Users\divad\OneDrive\Documentos\GitHub\315264520_Proyecto_Gpo08\ProyectoFinal\ProyectoFinal\Proyecto.cpp(1202,24): warning C4305: '+=': truncamiento de 'double' a 'float'
C:\Users\divad\OneDrive\Documentos\GitHub\315264520_Proyecto_Gpo08\ProyectoFinal\ProyectoFinal\Proyecto.cpp(1223,18): warning C4305: '-=': truncamiento de 'double' a 'float'
C:\Users\divad\OneDrive\Documentos\GitHub\315264520_Proyecto_Gpo08\ProyectoFinal\ProyectoFinal\Proyecto.cpp(1231,19): warning C4305: '-=': truncamiento de 'double' a 'float'
C:\Users\divad\OneDrive\Documentos\GitHub\315264520_Proyecto_Gpo08\ProyectoFinal\ProyectoFinal\Proyecto.cpp(1239,18): warning C4305: '-=': truncamiento de 'double' a 'float'
C:\Users\divad\OneDrive\Documentos\GitHub\315264520_Proyecto_Gpo08\ProyectoFinal\ProyectoFinal\Proyecto.cpp(1247,19): warning C4305: '-=': truncamiento de 'double' a 'float'
C:\Users\divad\OneDrive\Documentos\GitHub\315264520_Proyecto_Gpo08\ProyectoFinal\ProyectoFinal\Proyecto.cpp(1254,18): warning C4305: '-=': truncamiento de 'double' a 'float'
C:\Users\divad\OneDrive\Documentos\GitHub\315264520_Proyecto_Gpo08\ProyectoFinal\ProyectoFinal\Proyecto.cpp(1261,19): warning C4305: '+=': truncamiento de 'double' a 'float'
C:\Users\divad\OneDrive\Documentos\GitHub\315264520_Proyecto_Gpo08\ProyectoFinal\ProyectoFinal\Proyecto.cpp(1268,18): warning C4305: '-=': truncamiento de 'double' a 'float'
C:\Users\divad\OneDrive\Documentos\GitHub\315264520_Proyecto_Gpo08\ProyectoFinal\ProyectoFinal\Proyecto.cpp(1345,11): warning C4244: '=': conversión de 'double' a 'GLfloat'; posible pérdida de datos
C:\Users\divad\OneDrive\Documentos\GitHub\315264520_Proyecto_Gpo08\ProyectoFinal\ProyectoFinal\Proyecto.cpp(1346,11): warning C4244: '=': conversión de 'double' a 'GLfloat'; posible pérdida de datos
C:\Users\divad\OneDrive\Documentos\GitHub\315264520_Proyecto_Gpo08\ProyectoFinal\ProyectoFinal\Proyecto.cpp(1350,18): warning C4244: 'inicializando': conversión de 'double' a 'GLfloat'; posible pérdida de datos
C:\Users\divad\OneDrive\Documentos\GitHub\315264520_Proyecto_Gpo08\ProyectoFinal\ProyectoFinal\Proyecto.cpp(1351,18): warning C4244: 'inicializando': conversión de 'double' a 'GLfloat'; posible pérdida de datos
C:\Users\divad\OneDrive\Documentos\GitHub\315264520_Proyecto_Gpo08\ProyectoFinal\ProyectoFinal\Proyecto.cpp(1353,10): warning C4244: '=': conversión de 'double' a 'GLfloat'; posible pérdida de datos
C:\Users\divad\OneDrive\Documentos\GitHub\315264520_Proyecto_Gpo08\ProyectoFinal\ProyectoFinal\Proyecto.cpp(1354,10): warning C4244: '=': conversión de 'double' a 'GLfloat'; posible pérdida de datos
soil2-debug.lib(SOIL2.obj) : warning LNK4075: se omite '/EDITANDCONTINUE' debido a la especificación '/OPT:ICF'
LINK : warning LNK4098: la biblioteca predeterminada'MSVCRTD' entra en conflicto con otras bibliotecas; use la biblioteca /NODEFAULTLIB:biblioteca
  Generando código
  12 of 620 functions ( 1.9%) were compiled, the rest were copied from previous compilation.
    0 functions were new in current compilation
    0 functions had inline decision re-evaluated but remain unchanged
  Generación de código finalizada
soil2-debug.lib(etc1_utils.obj) : warning LNK4099: no se encontró PDB 'soil2-debug.pdb' con 'soil2-debug.lib(etc1_utils.obj)' o en 'C:\Users\divad\OneDrive\Documentos\GitHub\315264520_Proyecto_Gpo08\ProyectoFinal\Release\soil2-debug.pdb'; se vinculará el objeto sin tener en cuenta información de depuración
soil2-debug.lib(image_DXT.obj) : warning LNK4099: no se encontró PDB 'soil2-debug.pdb' con 'soil2-debug.lib(image_DXT.obj)' o en 'C:\Users\divad\OneDrive\Documentos\GitHub\315264520_Proyecto_Gpo08\ProyectoFinal\Release\soil2-debug.pdb'; se vinculará el objeto sin tener en cuenta información de depuración
soil2-debug.lib(image_helper.obj) : warning LNK4099: no se encontró PDB '' con 'soil2-debug.lib(image_helper.obj)' o en ''; se vinculará el objeto sin tener en cuenta información de depuración
soil2-debug.lib(SOIL2.obj) : warning LNK4099: no se encontró PDB 'soil2-debug.pdb' con 'soil2-debug.lib(SOIL2.obj)' o en 'C:\Users\divad\OneDrive\Documentos\GitHub\315264520_Proyecto_Gpo08\ProyectoFinal\Release\soil2-debug.pdb'; se vinculará el objeto sin tener en cuenta información de depuración
  ProyectoFinal.vcxproj -> C:\Users\divad\OneDrive\Documentos\GitHub\315264520_Proyecto_Gpo08\ProyectoFinal\Release\ProyectoFinal.exe
