  Proyecto.cpp
C:\Users\divad\OneDrive\Documentos\GitHub\315264520_Proyecto_Gpo08\ProyectoFinal\ProyectoFinal\modelAnim.h(104,44): warning C4244: '=': conversión de 'double' a 'float'; posible pérdida de datos
C:\Users\divad\OneDrive\Documentos\GitHub\315264520_Proyecto_Gpo08\ProyectoFinal\ProyectoFinal\modelAnim.h(519,24): warning C4244: 'inicializando': conversión de 'double' a 'float'; posible pérdida de datos
C:\Users\divad\OneDrive\Documentos\GitHub\315264520_Proyecto_Gpo08\ProyectoFinal\ProyectoFinal\Proyecto.cpp(433,24): warning C4244: 'inicializando': conversión de 'double' a 'GLfloat'; posible pérdida de datos
C:\Users\divad\OneDrive\Documentos\GitHub\315264520_Proyecto_Gpo08\ProyectoFinal\ProyectoFinal\Proyecto.cpp(824,19): warning C4305: '+=': truncamiento de 'double' a 'float'
C:\Users\divad\OneDrive\Documentos\GitHub\315264520_Proyecto_Gpo08\ProyectoFinal\ProyectoFinal\Proyecto.cpp(834,20): warning C4305: '-=': truncamiento de 'double' a 'float'
C:\Users\divad\OneDrive\Documentos\GitHub\315264520_Proyecto_Gpo08\ProyectoFinal\ProyectoFinal\Proyecto.cpp(846,22): warning C4305: '+=': truncamiento de 'double' a 'float'
C:\Users\divad\OneDrive\Documentos\GitHub\315264520_Proyecto_Gpo08\ProyectoFinal\ProyectoFinal\Proyecto.cpp(857,23): warning C4305: '-=': truncamiento de 'double' a 'float'
C:\Users\divad\OneDrive\Documentos\GitHub\315264520_Proyecto_Gpo08\ProyectoFinal\ProyectoFinal\Proyecto.cpp(869,18): warning C4305: '+=': truncamiento de 'double' a 'float'
C:\Users\divad\OneDrive\Documentos\GitHub\315264520_Proyecto_Gpo08\ProyectoFinal\ProyectoFinal\Proyecto.cpp(879,19): warning C4305: '-=': truncamiento de 'double' a 'float'
C:\Users\divad\OneDrive\Documentos\GitHub\315264520_Proyecto_Gpo08\ProyectoFinal\ProyectoFinal\Proyecto.cpp(957,11): warning C4244: '=': conversión de 'double' a 'GLfloat'; posible pérdida de datos
C:\Users\divad\OneDrive\Documentos\GitHub\315264520_Proyecto_Gpo08\ProyectoFinal\ProyectoFinal\Proyecto.cpp(958,11): warning C4244: '=': conversión de 'double' a 'GLfloat'; posible pérdida de datos
C:\Users\divad\OneDrive\Documentos\GitHub\315264520_Proyecto_Gpo08\ProyectoFinal\ProyectoFinal\Proyecto.cpp(962,18): warning C4244: 'inicializando': conversión de 'double' a 'GLfloat'; posible pérdida de datos
C:\Users\divad\OneDrive\Documentos\GitHub\315264520_Proyecto_Gpo08\ProyectoFinal\ProyectoFinal\Proyecto.cpp(963,18): warning C4244: 'inicializando': conversión de 'double' a 'GLfloat'; posible pérdida de datos
C:\Users\divad\OneDrive\Documentos\GitHub\315264520_Proyecto_Gpo08\ProyectoFinal\ProyectoFinal\Proyecto.cpp(965,10): warning C4244: '=': conversión de 'double' a 'GLfloat'; posible pérdida de datos
C:\Users\divad\OneDrive\Documentos\GitHub\315264520_Proyecto_Gpo08\ProyectoFinal\ProyectoFinal\Proyecto.cpp(966,10): warning C4244: '=': conversión de 'double' a 'GLfloat'; posible pérdida de datos
LINK : warning LNK4098: la biblioteca predeterminada'MSVCRT' entra en conflicto con otras bibliotecas; use la biblioteca /NODEFAULTLIB:biblioteca
soil2-debug.lib(etc1_utils.obj) : warning LNK4099: no se encontró PDB 'soil2-debug.pdb' con 'soil2-debug.lib(etc1_utils.obj)' o en 'C:\Users\divad\OneDrive\Documentos\GitHub\315264520_Proyecto_Gpo08\ProyectoFinal\Debug\soil2-debug.pdb'; se vinculará el objeto sin tener en cuenta información de depuración
soil2-debug.lib(image_DXT.obj) : warning LNK4099: no se encontró PDB 'soil2-debug.pdb' con 'soil2-debug.lib(image_DXT.obj)' o en 'C:\Users\divad\OneDrive\Documentos\GitHub\315264520_Proyecto_Gpo08\ProyectoFinal\Debug\soil2-debug.pdb'; se vinculará el objeto sin tener en cuenta información de depuración
soil2-debug.lib(image_helper.obj) : warning LNK4099: no se encontró PDB 'soil2-debug.pdb' con 'soil2-debug.lib(image_helper.obj)' o en 'C:\Users\divad\OneDrive\Documentos\GitHub\315264520_Proyecto_Gpo08\ProyectoFinal\Debug\soil2-debug.pdb'; se vinculará el objeto sin tener en cuenta información de depuración
soil2-debug.lib(SOIL2.obj) : warning LNK4099: no se encontró PDB 'soil2-debug.pdb' con 'soil2-debug.lib(SOIL2.obj)' o en 'C:\Users\divad\OneDrive\Documentos\GitHub\315264520_Proyecto_Gpo08\ProyectoFinal\Debug\soil2-debug.pdb'; se vinculará el objeto sin tener en cuenta información de depuración
  ProyectoFinal.vcxproj -> C:\Users\divad\OneDrive\Documentos\GitHub\315264520_Proyecto_Gpo08\ProyectoFinal\Debug\ProyectoFinal.exe
